<?xml version="1.0" encoding="UTF-8"?>
<!-- Generated by org.testng.reporters.JUnitReportReporter -->
<testsuite skipped="0" hostname="ASUS" name="com.assignment.final_test.ApiTest" tests="1" failures="0" timestamp="16 Apr 2021 09:01:31 GMT" time="5.374" errors="0">
  <testcase name="testProfileAPI" time="5.374" classname="com.assignment.final_test.ApiTest"/>
</testsuite> <!-- com.assignment.final_test.ApiTest -->
